./lib/libip6tc.so
./lib/libip6tc.so.0
./sbin/ip6tables
./sbin/ip6tables-restore
./sbin/ip6tables-save
./lib/libxtables.so
./lib/libxtables.so.4 | ./lib/libxtables.so.5 | ./lib/libxtables.so.7 | ./lib/libxtables.so.10

./lib/xtables/libip6t_ah.so
./lib/xtables/libip6t_dst.so
./lib/xtables/libip6t_eui64.so
./lib/xtables/libip6t_frag.so
./lib/xtables/libip6t_hbh.so
./lib/xtables/libip6t_HL.so
./lib/xtables/libip6t_hl.so
./lib/xtables/libip6t_icmp6.so
./lib/xtables/libip6t_ipv6header.so
./lib/xtables/libip6t_LOG.so
./lib/xtables/libip6t_mh.so
./lib/xtables/libip6t_policy.so 	: OPTIONAL
./lib/xtables/libip6t_rt.so
./lib/xtables/libipt_addrtype.so	: OPTIONAL 
./lib/xtables/libipt_ah.so
./lib/xtables/libipt_DNAT.so
./lib/xtables/libipt_CLUSTERIP.so
./lib/xtables/libipt_ecn.so		: OPTIONAL
./lib/xtables/libipt_ECN.so
./lib/xtables/libipt_icmp.so
./lib/xtables/libipt_LOG.so
./lib/xtables/libipt_MASQUERADE.so
./lib/xtables/libipt_MIRROR.so
./lib/xtables/libipt_NETMAP.so
./lib/xtables/libipt_policy.so 		: OPTIONAL
./lib/xtables/libipt_realm.so
./lib/xtables/libipt_recent.so 		: OPTIONAL 
./lib/xtables/libipt_REDIRECT.so
./lib/xtables/libipt_REJECT.so
./lib/xtables/libipt_SAME.so
./lib/xtables/libipt_set.so		:	OPTIONAL
./lib/xtables/libipt_SET.so		:	OPTIONAL
./lib/xtables/libipt_SNAT.so
./lib/xtables/libipt_ttl.so
./lib/xtables/libipt_TTL.so
./lib/xtables/libipt_ULOG.so
./lib/xtables/libipt_unclean.so
./lib/xtables/libxt_CLASSIFY.so
./lib/xtables/libxt_comment.so
./lib/xtables/libxt_connbytes.so
./lib/xtables/libxt_connlimit.so
./lib/xtables/libxt_connmark.so
./lib/xtables/libxt_CONNMARK.so
./lib/xtables/libxt_CONNSECMARK.so
./lib/xtables/libxt_conntrack.so
./lib/xtables/libxt_dccp.so
./lib/xtables/libxt_dscp.so
./lib/xtables/libxt_DSCP.so
./lib/xtables/libxt_esp.so
./lib/xtables/libxt_hashlimit.so
./lib/xtables/libxt_helper.so
./lib/xtables/libxt_iprange.so
./lib/xtables/libxt_length.so
./lib/xtables/libxt_limit.so
./lib/xtables/libxt_mac.so
./lib/xtables/libxt_mark.so
./lib/xtables/libxt_MARK.so
./lib/xtables/libxt_multiport.so
./lib/xtables/libxt_NFLOG.so
./lib/xtables/libxt_NFLOG.so
./lib/xtables/libxt_NOTRACK.so
./lib/xtables/libxt_owner.so
./lib/xtables/libxt_physdev.so
./lib/xtables/libxt_pkttype.so
./lib/xtables/libxt_quota.so
./lib/xtables/libxt_rateest.so
./lib/xtables/libxt_RATEEST.so
./lib/xtables/libxt_sctp.so
./lib/xtables/libxt_SECMARK.so
./lib/xtables/libxt_standard.so
./lib/xtables/libxt_state.so
./lib/xtables/libxt_statistic.so
./lib/xtables/libxt_string.so
./lib/xtables/libxt_tcpmss.so
./lib/xtables/libxt_TCPMSS.so
./lib/xtables/libxt_TCPOPTSTRIP.so
./lib/xtables/libxt_tcp.so
./lib/xtables/libxt_time.so
./lib/xtables/libxt_tos.so
./lib/xtables/libxt_TOS.so
./lib/xtables/libxt_TRACE.so
./lib/xtables/libxt_u32.so
./lib/xtables/libxt_udp.so
