# ---------------------------------------------------------
# Directories needed by busybox to install the tools
# ---------------------------------------------------------
dir /sbin		755 0 0
dir /usr		755 0 0	
dir /usr/sbin		755 0 0
dir /usr/bin		755 0 0

# ---------------------------------------------------------
# Basic devices needed by kernel to load init 
# ---------------------------------------------------------
dir /dev		755 0 0
nod /dev/console 	644 0 0 c 5 1
nod /dev/null		644 0 0 c 1 3

# ---------------------------------------------------------
# Copy busybox and link to /bin/sh (needed to execute init script)
# ---------------------------------------------------------
dir /bin		755 0 0 
file bin/busybox	initramfs/busybox	755 0 0
slink /bin/sh busybox	777 0 0

# ---------------------------------------------------------
# Init script called by kernel 
#----------------------------------------------------------
file /init		initramfs/init.sh	755 0 0
